<?xml version="1.0" encoding="UTF-8"?>
<testsuite xmlns:xsi="http://www.w3.org/2001/XMLSchema-instance" xsi:noNamespaceSchemaLocation="https://maven.apache.org/surefire/maven-surefire-plugin/xsd/surefire-test-report-3.0.xsd" version="3.0" name="sqa.lab.ShiftCipherTest" time="0.039" tests="4" errors="0" skipped="0" failures="0">
  <properties>
[...]
</properties>
  <testcase name="testTC01" classname="sqa.lab.ShiftCipherTest" time="0.017"/>
  <testcase name="testTC02" classname="sqa.lab.ShiftCipherTest" time="0.007"/>
  <testcase name="testTC03" classname="sqa.lab.ShiftCipherTest" time="0.0"/>
  <testcase name="testTC04" classname="sqa.lab.ShiftCipherTest" time="0.0"/>
</testsuite>